<?xml version="1.0" encoding="UTF-8"?>
<testng-results skipped="0" failed="0" total="1" passed="1">
  <reporter-output>
  </reporter-output>
  <suite name="Mobikwik App Crawler" duration-ms="155437" started-at="2018-07-21T10:29:50Z" finished-at="2018-07-21T10:32:25Z">
    <groups>
    </groups>
    <test name="App Crawler" duration-ms="155437" started-at="2018-07-21T10:29:50Z" finished-at="2018-07-21T10:32:25Z">
      <class name="crawlers.RandomTest">
        <test-method status="PASS" signature="init()[pri:0, instance:crawlers.RandomTest@58651fd0]" name="init" is-config="true" duration-ms="15405" started-at="2018-07-21T15:59:50Z" finished-at="2018-07-21T16:00:05Z">
          <reporter-output>
          </reporter-output>
        </test-method> <!-- init -->
        <test-method status="PASS" signature="verifySignUpFlow()[pri:0, instance:crawlers.RandomTest@58651fd0]" name="verifySignUpFlow" is-config="true" duration-ms="0" started-at="2018-07-21T16:00:05Z" finished-at="2018-07-21T16:00:05Z">
          <reporter-output>
          </reporter-output>
        </test-method> <!-- verifySignUpFlow -->
        <test-method status="PASS" signature="ramdomUITest()[pri:0, instance:crawlers.RandomTest@58651fd0]" name="ramdomUITest" duration-ms="140018" started-at="2018-07-21T16:00:05Z" finished-at="2018-07-21T16:02:25Z">
          <reporter-output>
          </reporter-output>
        </test-method> <!-- ramdomUITest -->
      </class> <!-- crawlers.RandomTest -->
    </test> <!-- App Crawler -->
  </suite> <!-- Mobikwik App Crawler -->
</testng-results>
