<?xml version="1.0" encoding="UTF-8"?>
<testng-results skipped="0" failed="0" total="1" passed="1">
  <reporter-output>
  </reporter-output>
  <suite name="Mobikwik App Crawler" duration-ms="78058" started-at="2018-07-21T10:12:50Z" finished-at="2018-07-21T10:14:08Z">
    <groups>
    </groups>
    <test name="App Crawler" duration-ms="78058" started-at="2018-07-21T10:12:50Z" finished-at="2018-07-21T10:14:08Z">
      <class name="crawlers.RandomTest">
        <test-method status="PASS" signature="init()[pri:0, instance:crawlers.RandomTest@5702b3b1]" name="init" is-config="true" duration-ms="14466" started-at="2018-07-21T15:42:50Z" finished-at="2018-07-21T15:43:04Z">
          <reporter-output>
          </reporter-output>
        </test-method> <!-- init -->
        <test-method status="PASS" signature="verifySignUpFlow()[pri:0, instance:crawlers.RandomTest@5702b3b1]" name="verifySignUpFlow" is-config="true" duration-ms="1" started-at="2018-07-21T15:43:04Z" finished-at="2018-07-21T15:43:04Z">
          <reporter-output>
          </reporter-output>
        </test-method> <!-- verifySignUpFlow -->
        <test-method status="PASS" signature="ramdomUITest()[pri:0, instance:crawlers.RandomTest@5702b3b1]" name="ramdomUITest" duration-ms="63572" started-at="2018-07-21T15:43:04Z" finished-at="2018-07-21T15:44:08Z">
          <reporter-output>
          </reporter-output>
        </test-method> <!-- ramdomUITest -->
      </class> <!-- crawlers.RandomTest -->
    </test> <!-- App Crawler -->
  </suite> <!-- Mobikwik App Crawler -->
</testng-results>
